Using pre-set license
Built from '2021.3/staging' branch; Version is '2021.3.3f1 (af2e63e8f9bd) revision 11480675'; Using compiler version '192829333'; Build Type 'Release'
OS: 'Windows 11  (10.0.22621) 64bit Professional' Language: 'he' Physical Memory: 16297 MB
BatchMode: 1, IsHumanControllingUs: 0, StartBugReporterOnCrash: 0, Is64bit: 1, IsPro: 1

COMMAND LINE ARGUMENTS:
C:\Program Files\Unity\Hub\Editor\2021.3.3f1\Editor\Unity.exe
-adb2
-batchMode
-noUpm
-name
AssetImportWorker6
-projectPath
C:/Users/naves/Documents/GitHub/VR-IOT-Shooting-Simulator/Main Porject
-logFile
Logs/AssetImportWorker6.log
-srvPort
57499
Successfully changed project path to: C:/Users/naves/Documents/GitHub/VR-IOT-Shooting-Simulator/Main Porject
C:/Users/naves/Documents/GitHub/VR-IOT-Shooting-Simulator/Main Porject
[UnityMemory] Configuration Parameters - Can be set up in boot.config
    "memorysetup-bucket-allocator-granularity=16"
    "memorysetup-bucket-allocator-bucket-count=8"
    "memorysetup-bucket-allocator-block-size=33554432"
    "memorysetup-bucket-allocator-block-count=8"
    "memorysetup-main-allocator-block-size=16777216"
    "memorysetup-thread-allocator-block-size=16777216"
    "memorysetup-gfx-main-allocator-block-size=16777216"
    "memorysetup-gfx-thread-allocator-block-size=16777216"
    "memorysetup-cache-allocator-block-size=4194304"
    "memorysetup-typetree-allocator-block-size=2097152"
    "memorysetup-profiler-bucket-allocator-granularity=16"
    "memorysetup-profiler-bucket-allocator-bucket-count=8"
    "memorysetup-profiler-bucket-allocator-block-size=33554432"
    "memorysetup-profiler-bucket-allocator-block-count=8"
    "memorysetup-profiler-allocator-block-size=16777216"
    "memorysetup-profiler-editor-allocator-block-size=1048576"
    "memorysetup-temp-allocator-size-main=16777216"
    "memorysetup-job-temp-allocator-block-size=2097152"
    "memorysetup-job-temp-allocator-block-size-background=1048576"
    "memorysetup-job-temp-allocator-reduction-small-platforms=262144"
    "memorysetup-temp-allocator-size-background-worker=32768"
    "memorysetup-temp-allocator-size-job-worker=262144"
    "memorysetup-temp-allocator-size-preload-manager=33554432"
    "memorysetup-temp-allocator-size-nav-mesh-worker=65536"
    "memorysetup-temp-allocator-size-audio-worker=65536"
    "memorysetup-temp-allocator-size-cloud-worker=32768"
    "memorysetup-temp-allocator-size-gi-baking-worker=262144"
    "memorysetup-temp-allocator-size-gfx=262144"
Refreshing native plugins compatible for Editor in 114.62 ms, found 6 plugins.
Preloading 0 native plugins for Editor in 0.00 ms.
Initialize engine version: 2021.3.3f1 (af2e63e8f9bd)
[Subsystems] Discovering subsystems at path C:/Program Files/Unity/Hub/Editor/2021.3.3f1/Editor/Data/Resources/UnitySubsystems
[Subsystems] Discovering subsystems at path C:/Users/naves/Documents/GitHub/VR-IOT-Shooting-Simulator/Main Porject/Assets
GfxDevice: creating device client; threaded=0; jobified=0
Direct3D:
    Version:  Direct3D 11.0 [level 11.1]
    Renderer: NVIDIA GeForce RTX 2070 SUPER (ID=0x1e84)
    Vendor:   NVIDIA
    VRAM:     8003 MB
    Driver:   31.0.15.2756
Initialize mono
Mono path[0] = 'C:/Program Files/Unity/Hub/Editor/2021.3.3f1/Editor/Data/Managed'
Mono path[1] = 'C:/Program Files/Unity/Hub/Editor/2021.3.3f1/Editor/Data/MonoBleedingEdge/lib/mono/unityjit-win32'
Mono config path = 'C:/Program Files/Unity/Hub/Editor/2021.3.3f1/Editor/Data/MonoBleedingEdge/etc'
Using monoOptions --debugger-agent=transport=dt_socket,embedding=1,server=y,suspend=n,address=127.0.0.1:56840
Begin MonoManager ReloadAssembly
Registering precompiled unity dll's ...
Register platform support module: C:/Program Files/Unity/Hub/Editor/2021.3.3f1/Editor/Data/PlaybackEngines/WebGLSupport/UnityEditor.WebGL.Extensions.dll
Register platform support module: C:/Program Files/Unity/Hub/Editor/2021.3.3f1/Editor/Data/PlaybackEngines/WindowsStandaloneSupport/UnityEditor.WindowsStandalone.Extensions.dll
Registered in 0.005207 seconds.
Native extension for WindowsStandalone target not found
Native extension for WebGL target not found
Refreshing native plugins compatible for Editor in 104.56 ms, found 6 plugins.
Preloading 0 native plugins for Editor in 0.00 ms.
Mono: successfully reloaded assembly
- Completed reload, in  0.637 seconds
Domain Reload Profiling:
	ReloadAssembly (638ms)
		BeginReloadAssembly (69ms)
			ExecutionOrderSort (0ms)
			DisableScriptedObjects (0ms)
			BackupInstance (0ms)
			ReleaseScriptingObjects (0ms)
			CreateAndSetChildDomain (1ms)
		EndReloadAssembly (467ms)
			LoadAssemblies (66ms)
			RebuildTransferFunctionScriptingTraits (0ms)
			SetupTypeCache (93ms)
			ReleaseScriptCaches (0ms)
			RebuildScriptCaches (24ms)
			SetupLoadedEditorAssemblies (304ms)
				LogAssemblyErrors (0ms)
				InitializePlatformSupportModulesInManaged (7ms)
				SetLoadedEditorAssemblies (0ms)
				RefreshPlugins (105ms)
				BeforeProcessingInitializeOnLoad (1ms)
				ProcessInitializeOnLoadAttributes (145ms)
				ProcessInitializeOnLoadMethodAttributes (46ms)
				AfterProcessingInitializeOnLoad (0ms)
				EditorAssembliesLoaded (0ms)
			ExecutionOrderSort2 (0ms)
			AwakeInstancesAfterBackupRestoration (0ms)
Platform modules already initialized, skipping
Registering precompiled user dll's ...
Registered in 0.006435 seconds.
Begin MonoManager ReloadAssembly
Symbol file LoadedFromMemory doesn't match image C:\Users\naves\Documents\GitHub\VR-IOT-Shooting-Simulator\Main Porject\Library\PackageCache\com.unity.visualscripting@1.7.6\Editor\VisualScripting.Core\Dependencies\YamlDotNet\Unity.VisualScripting.YamlDotNet.dll
Symbol file LoadedFromMemory doesn't match image C:\Users\naves\Documents\GitHub\VR-IOT-Shooting-Simulator\Main Porject\Library\PackageCache\com.unity.visualscripting@1.7.6\Editor\VisualScripting.Core\Dependencies\DotNetZip\Unity.VisualScripting.IonicZip.dll
Native extension for WindowsStandalone target not found
Native extension for WebGL target not found
Refreshing native plugins compatible for Editor in 0.98 ms, found 6 plugins.
Preloading 0 native plugins for Editor in 0.00 ms.
Package Manager log level set to [2]
Mono: successfully reloaded assembly
- Completed reload, in  0.978 seconds
Domain Reload Profiling:
	ReloadAssembly (979ms)
		BeginReloadAssembly (96ms)
			ExecutionOrderSort (0ms)
			DisableScriptedObjects (5ms)
			BackupInstance (0ms)
			ReleaseScriptingObjects (0ms)
			CreateAndSetChildDomain (19ms)
		EndReloadAssembly (795ms)
			LoadAssemblies (71ms)
			RebuildTransferFunctionScriptingTraits (0ms)
			SetupTypeCache (251ms)
			ReleaseScriptCaches (1ms)
			RebuildScriptCaches (52ms)
			SetupLoadedEditorAssemblies (376ms)
				LogAssemblyErrors (0ms)
				InitializePlatformSupportModulesInManaged (12ms)
				SetLoadedEditorAssemblies (0ms)
				RefreshPlugins (1ms)
				BeforeProcessingInitializeOnLoad (97ms)
				ProcessInitializeOnLoadAttributes (234ms)
				ProcessInitializeOnLoadMethodAttributes (25ms)
				AfterProcessingInitializeOnLoad (6ms)
				EditorAssembliesLoaded (0ms)
			ExecutionOrderSort2 (0ms)
			AwakeInstancesAfterBackupRestoration (6ms)
Platform modules already initialized, skipping
========================================================================
Worker process is ready to serve import requests
Launched and connected shader compiler UnityShaderCompiler.exe after 0.06 seconds
Refreshing native plugins compatible for Editor in 0.88 ms, found 6 plugins.
Preloading 0 native plugins for Editor in 0.00 ms.
Unloading 3739 Unused Serialized files (Serialized files now loaded: 0)
Unloading 29 unused Assets / (112.7 KB). Loaded Objects now: 4204.
Memory consumption went from 134.5 MB to 134.4 MB.
Total: 3.312100 ms (FindLiveObjects: 0.348100 ms CreateObjectMapping: 0.098100 ms MarkObjects: 2.751600 ms  DeleteObjects: 0.112800 ms)

AssetImportParameters requested are different than current active one (requested -> active):
  custom:video-decoder-ogg-theora: a1e56fd34408186e4bbccfd4996cb3dc -> 
  custom:container-muxer-webm: aa71ff27fc2769a1b78a27578f13a17b -> 
  custom:container-demuxer-webm: 4f35f7cbe854078d1ac9338744f61a02 -> 
  custom:video-encoder-webm-vp8: eb34c28f22e8b96e1ab97ce403110664 -> 
  custom:video-codec-MediaFoundation-h265: e54d7ab0439102e2317fc1e4b246158d -> 
  custom:audio-encoder-webm-vorbis: bf7c407c2cedff20999df2af8eb42d56 -> 
  custom:framework-win-MediaFoundation: 216162199b28c13a410421893ffa2e32 -> 
  custom:container-demuxer-ogg: 62fdf1f143b41e24485cea50d1cbac27 -> 
  custom:video-decoder-webm-vp8: 9c59270c3fd7afecdb556c50c9e8de78 -> 
  custom:audio-decoder-ogg-vorbis: bf7c407c2cedff20999df2af8eb42d56 -> 
========================================================================
Received Import Request.
  Time since last request: 15103.420983 seconds.
  path: Assets/HQ Shooting Range/Shooting Range/Lightmap-0_comp_light.exr
  artifactKey: Guid(483d62beb98c80e4fb4ce39213b0102c) Importer(815301076,1909f56bfc062723c751e8b465ee728b)
Start importing Assets/HQ Shooting Range/Shooting Range/Lightmap-0_comp_light.exr using Guid(483d62beb98c80e4fb4ce39213b0102c) Importer(815301076,1909f56bfc062723c751e8b465ee728b)  -> (artifact id: 'e00b7a299f2775d1cdd6219a1fa2d797') in 0.171365 seconds 
========================================================================
Received Import Request.
  Time since last request: 0.000036 seconds.
  path: Assets/HQ Shooting Range/Shooting Range/Lightmap-4_comp_light.exr
  artifactKey: Guid(8ae1010a3b71ccc4bb7e9ac2b14631df) Importer(815301076,1909f56bfc062723c751e8b465ee728b)
Start importing Assets/HQ Shooting Range/Shooting Range/Lightmap-4_comp_light.exr using Guid(8ae1010a3b71ccc4bb7e9ac2b14631df) Importer(815301076,1909f56bfc062723c751e8b465ee728b)  -> (artifact id: 'b4bd36008afc1084a9794b1bdbe5829a') in 0.023081 seconds 
========================================================================
Received Import Request.
  Time since last request: 5.727260 seconds.
  path: Assets/HQ Shooting Range/Textures/Grid_mask.tga
  artifactKey: Guid(2d45a1532eb53e84d92673655ef0972a) Importer(815301076,1909f56bfc062723c751e8b465ee728b)
Start importing Assets/HQ Shooting Range/Textures/Grid_mask.tga using Guid(2d45a1532eb53e84d92673655ef0972a) Importer(815301076,1909f56bfc062723c751e8b465ee728b)  -> (artifact id: 'c52b4fbd32b4e1b93df2fc10d88fea2e') in 0.021679 seconds 
========================================================================
Received Import Request.
  Time since last request: 0.000032 seconds.
  path: Assets/HQ Shooting Range/Textures/PlainTiles_height.tga
  artifactKey: Guid(7b2ce4a626bd5d844af42b702e6d831c) Importer(815301076,1909f56bfc062723c751e8b465ee728b)
Start importing Assets/HQ Shooting Range/Textures/PlainTiles_height.tga using Guid(7b2ce4a626bd5d844af42b702e6d831c) Importer(815301076,1909f56bfc062723c751e8b465ee728b)  -> (artifact id: '7db1487fff5da99633fc68ca5b32c308') in 0.016514 seconds 
========================================================================
Received Import Request.
  Time since last request: 0.000023 seconds.
  path: Assets/HQ Shooting Range/Textures/PlainPlaster_normal.tga
  artifactKey: Guid(83d084dab04c1ac49b9af44bdd1abc24) Importer(815301076,1909f56bfc062723c751e8b465ee728b)
Start importing Assets/HQ Shooting Range/Textures/PlainPlaster_normal.tga using Guid(83d084dab04c1ac49b9af44bdd1abc24) Importer(815301076,1909f56bfc062723c751e8b465ee728b)  -> (artifact id: 'a02cb8c20724c9c9dde401c51e77ce36') in 0.020163 seconds 
========================================================================
Received Import Request.
  Time since last request: 21.961118 seconds.
  path: Assets/BigRookGames/_AssetPacks/Stylized Weapon Pack/M4 Scoped Assault Rifle/Materials/FlashMuzzleAlpha.mat
  artifactKey: Guid(9eec51368aadd5f4cacce5ec4d6d9fc2) Importer(815301076,1909f56bfc062723c751e8b465ee728b)
Start importing Assets/BigRookGames/_AssetPacks/Stylized Weapon Pack/M4 Scoped Assault Rifle/Materials/FlashMuzzleAlpha.mat using Guid(9eec51368aadd5f4cacce5ec4d6d9fc2) Importer(815301076,1909f56bfc062723c751e8b465ee728b)  -> (artifact id: '5e946476ab7fc665300b03517c56d863') in 0.045954 seconds 
========================================================================
Received Import Request.
  Time since last request: 0.000025 seconds.
  path: Assets/BigRookGames/_AssetPacks/Stylized Weapon Pack/M4 Scoped Assault Rifle/Materials/SoftGlow.mat
  artifactKey: Guid(ad563762ae12eec4db605c6b20f3ea67) Importer(815301076,1909f56bfc062723c751e8b465ee728b)
Start importing Assets/BigRookGames/_AssetPacks/Stylized Weapon Pack/M4 Scoped Assault Rifle/Materials/SoftGlow.mat using Guid(ad563762ae12eec4db605c6b20f3ea67) Importer(815301076,1909f56bfc062723c751e8b465ee728b)  -> (artifact id: 'ae71c6c12cc71efa9d374f3d44ab91a8') in 0.014687 seconds 
========================================================================
Received Import Request.
  Time since last request: 21.611400 seconds.
  path: Assets/HQ Shooting Range/Meshes/Cupboard door left.fbx
  artifactKey: Guid(3c404684b598ccc41884381ffecd4fb2) Importer(815301076,1909f56bfc062723c751e8b465ee728b)
Start importing Assets/HQ Shooting Range/Meshes/Cupboard door left.fbx using Guid(3c404684b598ccc41884381ffecd4fb2) Importer(815301076,1909f56bfc062723c751e8b465ee728b)  -> (artifact id: '4ffe52f8a1e4f4dc55cace2dd9740c96') in 0.068097 seconds 
========================================================================
Received Import Request.
  Time since last request: 0.000031 seconds.
  path: Assets/HQ Shooting Range/Meshes/Rails 5.fbx
  artifactKey: Guid(4e5e5102f111ac340b63f3a980cbfd51) Importer(815301076,1909f56bfc062723c751e8b465ee728b)
Start importing Assets/HQ Shooting Range/Meshes/Rails 5.fbx using Guid(4e5e5102f111ac340b63f3a980cbfd51) Importer(815301076,1909f56bfc062723c751e8b465ee728b)  -> (artifact id: '049cf502ac0735823bf635f88f7c5caa') in 0.021082 seconds 
========================================================================
Received Import Request.
  Time since last request: 0.000028 seconds.
  path: Assets/HQ Shooting Range/Meshes/Target 3.fbx
  artifactKey: Guid(4f92276a588728a4c9ed8fba08c01cb5) Importer(815301076,1909f56bfc062723c751e8b465ee728b)
Start importing Assets/HQ Shooting Range/Meshes/Target 3.fbx using Guid(4f92276a588728a4c9ed8fba08c01cb5) Importer(815301076,1909f56bfc062723c751e8b465ee728b)  -> (artifact id: 'bf089bc110ddcac5aa0c1e925faf3f77') in 0.025846 seconds 
========================================================================
Received Import Request.
  Time since last request: 0.000025 seconds.
  path: Assets/HQ Shooting Range/Meshes/Table.fbx
  artifactKey: Guid(ca01e2cc59cac154abb4319b11c8a21f) Importer(815301076,1909f56bfc062723c751e8b465ee728b)
Start importing Assets/HQ Shooting Range/Meshes/Table.fbx using Guid(ca01e2cc59cac154abb4319b11c8a21f) Importer(815301076,1909f56bfc062723c751e8b465ee728b)  -> (artifact id: '223220c0c2e101fcfdd0dd589309c262') in 0.021990 seconds 
========================================================================
Received Import Request.
  Time since last request: 0.000027 seconds.
  path: Assets/HQ Shooting Range/Meshes/Rails 1.fbx
  artifactKey: Guid(cdd27c1572b590545b06965de760c863) Importer(815301076,1909f56bfc062723c751e8b465ee728b)
Start importing Assets/HQ Shooting Range/Meshes/Rails 1.fbx using Guid(cdd27c1572b590545b06965de760c863) Importer(815301076,1909f56bfc062723c751e8b465ee728b)  -> (artifact id: '377c911e7340ae452d28b5f431e1f123') in 0.018075 seconds 
========================================================================
Received Import Request.
  Time since last request: 0.000040 seconds.
  path: Assets/HQ Shooting Range/Meshes/Door Frame.fbx
  artifactKey: Guid(8eda62d82ee26374fb1639db2df4aaa5) Importer(815301076,1909f56bfc062723c751e8b465ee728b)
Start importing Assets/HQ Shooting Range/Meshes/Door Frame.fbx using Guid(8eda62d82ee26374fb1639db2df4aaa5) Importer(815301076,1909f56bfc062723c751e8b465ee728b)  -> (artifact id: 'c4718711ad489974ed6c39064c36bcbc') in 0.021765 seconds 
Editor requested this worker to shutdown with reason: Scaling down because of idle timeout
AssetImportWorker is now disconnected from the server
Process exiting
Exiting without the bug reporter. Application will terminate with return code 0